<?xml version="1.0" encoding="UTF-8"?>
<testng-results ignored="0" total="1" passed="1" failed="0" skipped="0">
  <reporter-output>
  </reporter-output>
  <suite started-at="2023-07-12T21:43:19 IST" name="Default suite" finished-at="2023-07-12T21:44:02 IST" duration-ms="43657">
    <groups>
    </groups>
    <test started-at="2023-07-12T21:43:19 IST" name="Default test" finished-at="2023-07-12T21:44:02 IST" duration-ms="43657">
      <class name="Test_VOR_pages.Test_Homepage">
        <test-method is-config="true" signature="startup()[pri:0, instance:Test_VOR_pages.Test_Homepage@22e357dc]" started-at="2023-07-12T21:43:19 IST" name="startup" finished-at="2023-07-12T21:43:23 IST" duration-ms="4541" status="PASS">
          <reporter-output>
          </reporter-output>
        </test-method> <!-- startup -->
        <test-method signature="homepagetest()[pri:0, instance:Test_VOR_pages.Test_Homepage@22e357dc]" started-at="2023-07-12T21:43:23 IST" name="homepagetest" finished-at="2023-07-12T21:44:02 IST" duration-ms="39054" status="PASS">
          <reporter-output>
          </reporter-output>
        </test-method> <!-- homepagetest -->
        <test-method is-config="true" signature="quite()[pri:0, instance:Test_VOR_pages.Test_Homepage@22e357dc]" started-at="2023-07-12T21:44:02 IST" name="quite" finished-at="2023-07-12T21:44:02 IST" duration-ms="0" status="PASS">
          <reporter-output>
          </reporter-output>
        </test-method> <!-- quite -->
      </class> <!-- Test_VOR_pages.Test_Homepage -->
    </test> <!-- Default test -->
  </suite> <!-- Default suite -->
</testng-results>
